2015-02-19 14:37:48 INFO  [main] - [de.tucottbus.kt.csl.midiIO.midi.MidiTransmitter] Midi sending:  Channel=1 Command=Control change Note=B4 Key=71 value=127
2015-02-19 14:37:49 INFO  [main] - [de.tucottbus.kt.csl.midiIO.midi.MidiTransmitter] Midi sending:  Channel=1 Command=Control change Note=B4 Key=71 value=0
2015-02-19 14:37:49 INFO  [main] - [de.tucottbus.kt.csl.midiIO.midi.MidiTransmitter] Midi sending:  Channel=1 Command=Control change Note=C5 Key=72 value=127
2015-02-19 14:37:49 INFO  [main] - [de.tucottbus.kt.csl.midiIO.midi.MidiTransmitter] Midi sending:  Channel=1 Command=Control change Note=C5 Key=72 value=0
2015-02-19 14:37:49 INFO  [main] - [de.tucottbus.kt.csl.midiIO.midi.MidiTransmitter] Midi sending:  Channel=1 Command=Control change Note=C#5 Key=73 value=127
2015-02-19 14:37:49 INFO  [main] - [de.tucottbus.kt.csl.midiIO.midi.MidiTransmitter] Midi sending:  Channel=1 Command=Control change Note=C#5 Key=73 value=0
2015-02-19 14:37:49 INFO  [main] - [de.tucottbus.kt.csl.midiIO.midi.MidiTransmitter] Midi sending:  Channel=1 Command=Control change Note=D5 Key=74 value=127
2015-02-19 14:37:49 INFO  [main] - [de.tucottbus.kt.csl.midiIO.midi.MidiTransmitter] Midi sending:  Channel=1 Command=Control change Note=D5 Key=74 value=0
2015-02-19 14:37:49 INFO  [main] - [de.tucottbus.kt.csl.midiIO.midi.MidiTransmitter] Midi sending:  Channel=1 Command=Control change Note=D#5 Key=75 value=127
2015-02-19 14:37:49 INFO  [main] - [de.tucottbus.kt.csl.midiIO.midi.MidiTransmitter] Midi sending:  Channel=1 Command=Control change Note=D#5 Key=75 value=0
2015-02-19 14:37:50 INFO  [main] - [de.tucottbus.kt.csl.midiIO.midi.MidiTransmitter] Midi sending:  Channel=1 Command=Control change Note=E5 Key=76 value=127
2015-02-19 14:37:50 INFO  [main] - [de.tucottbus.kt.csl.midiIO.midi.MidiTransmitter] Midi sending:  Channel=1 Command=Control change Note=E5 Key=76 value=0
2015-02-19 14:37:50 INFO  [main] - [de.tucottbus.kt.csl.midiIO.midi.MidiTransmitter] Midi sending:  Channel=1 Command=Control change Note=F5 Key=77 value=127
2015-02-19 14:37:50 INFO  [main] - [de.tucottbus.kt.csl.midiIO.midi.MidiTransmitter] Midi sending:  Channel=1 Command=Control change Note=F5 Key=77 value=0
2015-02-19 14:37:50 INFO  [main] - [de.tucottbus.kt.csl.midiIO.midi.MidiTransmitter] Midi sending:  Channel=1 Command=Control change Note=F5 Key=77 value=127
2015-02-19 14:37:50 INFO  [main] - [de.tucottbus.kt.csl.midiIO.midi.MidiTransmitter] Midi sending:  Channel=1 Command=Control change Note=F5 Key=77 value=0
2015-02-19 14:37:50 INFO  [main] - [de.tucottbus.kt.csl.midiIO.midi.MidiTransmitter] Midi sending:  Channel=1 Command=Control change Note=E5 Key=76 value=127
2015-02-19 14:37:50 INFO  [main] - [de.tucottbus.kt.csl.midiIO.midi.MidiTransmitter] Midi sending:  Channel=1 Command=Control change Note=E5 Key=76 value=0
2015-02-19 14:37:50 INFO  [main] - [de.tucottbus.kt.csl.midiIO.midi.MidiTransmitter] Midi sending:  Channel=1 Command=Control change Note=D#5 Key=75 value=127
2015-02-19 14:37:50 INFO  [main] - [de.tucottbus.kt.csl.midiIO.midi.MidiTransmitter] Midi sending:  Channel=1 Command=Control change Note=D#5 Key=75 value=0
2015-02-19 14:37:51 INFO  [main] - [de.tucottbus.kt.csl.midiIO.midi.MidiTransmitter] Midi sending:  Channel=1 Command=Control change Note=D5 Key=74 value=127
2015-02-19 14:37:51 INFO  [main] - [de.tucottbus.kt.csl.midiIO.midi.MidiTransmitter] Midi sending:  Channel=1 Command=Control change Note=D5 Key=74 value=0
2015-02-19 14:37:51 INFO  [main] - [de.tucottbus.kt.csl.midiIO.midi.MidiTransmitter] Midi sending:  Channel=1 Command=Control change Note=C#5 Key=73 value=127
2015-02-19 14:37:51 INFO  [main] - [de.tucottbus.kt.csl.midiIO.midi.MidiTransmitter] Midi sending:  Channel=1 Command=Control change Note=C#5 Key=73 value=0
2015-02-19 14:37:51 INFO  [main] - [de.tucottbus.kt.csl.midiIO.midi.MidiTransmitter] Midi sending:  Channel=1 Command=Control change Note=C5 Key=72 value=127
2015-02-19 14:37:51 INFO  [main] - [de.tucottbus.kt.csl.midiIO.midi.MidiTransmitter] Midi sending:  Channel=1 Command=Control change Note=C5 Key=72 value=0
2015-02-19 14:37:51 INFO  [main] - [de.tucottbus.kt.csl.midiIO.midi.MidiTransmitter] Midi sending:  Channel=1 Command=Control change Note=B4 Key=71 value=127
2015-02-19 14:37:51 INFO  [main] - [de.tucottbus.kt.csl.midiIO.midi.MidiTransmitter] Midi sending:  Channel=1 Command=Control change Note=B4 Key=71 value=0
2015-02-19 14:37:51 INFO  [main] - [de.tucottbus.kt.csl.midiIO.midi.MidiTransmitter] Midi sending:  Channel=1 Command=Control change Note=B4 Key=71 value=127
2015-02-19 14:37:52 INFO  [main] - [de.tucottbus.kt.csl.midiIO.midi.MidiTransmitter] Midi sending:  Channel=1 Command=Control change Note=B4 Key=71 value=0
2015-02-19 14:37:52 INFO  [main] - [de.tucottbus.kt.csl.midiIO.midi.MidiTransmitter] Midi sending:  Channel=1 Command=Control change Note=C5 Key=72 value=127
2015-02-19 14:37:52 INFO  [main] - [de.tucottbus.kt.csl.midiIO.midi.MidiTransmitter] Midi sending:  Channel=1 Command=Control change Note=C5 Key=72 value=0
2015-02-19 14:37:52 INFO  [main] - [de.tucottbus.kt.csl.midiIO.midi.MidiTransmitter] Midi sending:  Channel=1 Command=Control change Note=C#5 Key=73 value=127
2015-02-19 14:37:52 INFO  [main] - [de.tucottbus.kt.csl.midiIO.midi.MidiTransmitter] Midi sending:  Channel=1 Command=Control change Note=C#5 Key=73 value=0
2015-02-19 14:37:52 INFO  [main] - [de.tucottbus.kt.csl.midiIO.midi.MidiTransmitter] Midi sending:  Channel=1 Command=Control change Note=D5 Key=74 value=127
2015-02-19 14:37:52 INFO  [main] - [de.tucottbus.kt.csl.midiIO.midi.MidiTransmitter] Midi sending:  Channel=1 Command=Control change Note=D5 Key=74 value=0
2015-02-19 14:37:52 INFO  [main] - [de.tucottbus.kt.csl.midiIO.midi.MidiTransmitter] Midi sending:  Channel=1 Command=Control change Note=D#5 Key=75 value=127
2015-02-19 14:37:52 INFO  [main] - [de.tucottbus.kt.csl.midiIO.midi.MidiTransmitter] Midi sending:  Channel=1 Command=Control change Note=D#5 Key=75 value=0
2015-02-19 14:37:52 INFO  [main] - [de.tucottbus.kt.csl.midiIO.midi.MidiTransmitter] Midi sending:  Channel=1 Command=Control change Note=E5 Key=76 value=127
2015-02-19 14:37:53 INFO  [main] - [de.tucottbus.kt.csl.midiIO.midi.MidiTransmitter] Midi sending:  Channel=1 Command=Control change Note=E5 Key=76 value=0
2015-02-19 14:37:53 INFO  [main] - [de.tucottbus.kt.csl.midiIO.midi.MidiTransmitter] Midi sending:  Channel=1 Command=Control change Note=F5 Key=77 value=127
2015-02-19 14:37:53 INFO  [main] - [de.tucottbus.kt.csl.midiIO.midi.MidiTransmitter] Midi sending:  Channel=1 Command=Control change Note=F5 Key=77 value=0
2015-02-19 14:37:53 INFO  [main] - [de.tucottbus.kt.csl.midiIO.midi.MidiTransmitter] Midi sending:  Channel=1 Command=Control change Note=F5 Key=77 value=127
2015-02-19 14:37:53 INFO  [main] - [de.tucottbus.kt.csl.midiIO.midi.MidiTransmitter] Midi sending:  Channel=1 Command=Control change Note=F5 Key=77 value=0
2015-02-19 14:37:53 INFO  [main] - [de.tucottbus.kt.csl.midiIO.midi.MidiTransmitter] Midi sending:  Channel=1 Command=Control change Note=E5 Key=76 value=127
2015-02-19 14:37:53 INFO  [main] - [de.tucottbus.kt.csl.midiIO.midi.MidiTransmitter] Midi sending:  Channel=1 Command=Control change Note=E5 Key=76 value=0
2015-02-19 14:37:53 INFO  [main] - [de.tucottbus.kt.csl.midiIO.midi.MidiTransmitter] Midi sending:  Channel=1 Command=Control change Note=D#5 Key=75 value=127
2015-02-19 14:37:53 INFO  [main] - [de.tucottbus.kt.csl.midiIO.midi.MidiTransmitter] Midi sending:  Channel=1 Command=Control change Note=D#5 Key=75 value=0
2015-02-19 14:37:54 INFO  [main] - [de.tucottbus.kt.csl.midiIO.midi.MidiTransmitter] Midi sending:  Channel=1 Command=Control change Note=D5 Key=74 value=127
2015-02-19 14:37:54 INFO  [main] - [de.tucottbus.kt.csl.midiIO.midi.MidiTransmitter] Midi sending:  Channel=1 Command=Control change Note=D5 Key=74 value=0
2015-02-19 14:37:54 INFO  [main] - [de.tucottbus.kt.csl.midiIO.midi.MidiTransmitter] Midi sending:  Channel=1 Command=Control change Note=C#5 Key=73 value=127
2015-02-19 14:37:54 INFO  [main] - [de.tucottbus.kt.csl.midiIO.midi.MidiTransmitter] Midi sending:  Channel=1 Command=Control change Note=C#5 Key=73 value=0
2015-02-19 14:37:54 INFO  [main] - [de.tucottbus.kt.csl.midiIO.midi.MidiTransmitter] Midi sending:  Channel=1 Command=Control change Note=C5 Key=72 value=127
2015-02-19 14:37:54 INFO  [main] - [de.tucottbus.kt.csl.midiIO.midi.MidiTransmitter] Midi sending:  Channel=1 Command=Control change Note=C5 Key=72 value=0
2015-02-19 14:37:54 INFO  [main] - [de.tucottbus.kt.csl.midiIO.midi.MidiTransmitter] Midi sending:  Channel=1 Command=Control change Note=B4 Key=71 value=127
2015-02-19 14:37:54 INFO  [main] - [de.tucottbus.kt.csl.midiIO.midi.MidiTransmitter] Midi sending:  Channel=1 Command=Control change Note=B4 Key=71 value=0
2015-02-19 14:37:54 INFO  [main] - [de.tucottbus.kt.csl.midiIO.midi.MidiTransmitter] Midi sending:  Channel=1 Command=Control change Note=B4 Key=71 value=127
2015-02-19 14:37:54 INFO  [main] - [de.tucottbus.kt.csl.midiIO.midi.MidiTransmitter] Midi sending:  Channel=1 Command=Control change Note=B4 Key=71 value=0
2015-02-19 14:37:55 INFO  [main] - [de.tucottbus.kt.csl.midiIO.midi.MidiTransmitter] Midi sending:  Channel=1 Command=Control change Note=C5 Key=72 value=127
